client/react-native/android/app/build/outputs/mapping/release/seeds.txt
com.bureauapp.MainActivity
com.bureauapp.MainActivity: MainActivity()
com.bureauapp.MainApplication
com.bureauapp.MainApplication: MainApplication()
com.bureauapp.R$anim: int abc_fade_in
com.bureauapp.R$anim: int abc_fade_out
com.bureauapp.R$anim: int abc_grow_fade_in_from_bottom
com.bureauapp.R$anim: int abc_popup_enter
com.bureauapp.R$anim: int abc_popup_exit
com.bureauapp.R$anim: int abc_shrink_fade_out_from_bottom
com.bureauapp.R$anim: int abc_slide_in_bottom
com.bureauapp.R$anim: int abc_slide_in_top
com.bureauapp.R$anim: int abc_slide_out_bottom
com.bureauapp.R$anim: int abc_slide_out_top
com.bureauapp.R$anim: int abc_tooltip_enter
com.bureauapp.R$anim: int abc_tooltip_exit
com.bureauapp.R$anim: int catalyst_fade_in
com.bureauapp.R$anim: int catalyst_fade_out
com.bureauapp.R$anim: int catalyst_push_up_in
com.bureauapp.R$anim: int catalyst_push_up_out
com.bureauapp.R$anim: int catalyst_slide_down
com.bureauapp.R$anim: int catalyst_slide_up
com.bureauapp.R$attr: int actionBarDivider
com.bureauapp.R$attr: int actionBarItemBackground
com.bureauapp.R$attr: int actionBarPopupTheme
com.bureauapp.R$attr: int actionBarSize
com.bureauapp.R$attr: int actionBarSplitStyle
com.bureauapp.R$attr: int actionBarStyle
com.bureauapp.R$attr: int actionBarTabBarStyle
com.bureauapp.R$attr: int actionBarTabStyle
com.bureauapp.R$attr: int actionBarTabTextStyle
com.bureauapp.R$attr: int actionBarTheme
com.bureauapp.R$attr: int actionBarWidgetTheme
com.bureauapp.R$attr: int actionButtonStyle
com.bureauapp.R$attr: int actionDropDownStyle
com.bureauapp.R$attr: int actionLayout
com.bureauapp.R$attr: int actionMenuTextAppearance
com.bureauapp.R$attr: int actionMenuTextColor
com.bureauapp.R$attr: int actionModeBackground
com.bureauapp.R$attr: int actionModeCloseButtonStyle
com.bureauapp.R$attr: int actionModeCloseDrawable
com.bureauapp.R$attr: int actionModeCopyDrawable
com.bureauapp.R$attr: int actionModeCutDrawable
com.bureauapp.R$attr: int actionModeFindDrawable
com.bureauapp.R$attr: int actionModePasteDrawable
com.bureauapp.R$attr: int actionModePopupWindowStyle
com.bureauapp.R$attr: int actionModeSelectAllDrawable
com.bureauapp.R$attr: int actionModeShareDrawable
com.bureauapp.R$attr: int actionModeSplitBackground
com.bureauapp.R$attr: int actionModeStyle
com.bureauapp.R$attr: int actionModeWebSearchDrawable
com.bureauapp.R$attr: int actionOverflowButtonStyle
com.bureauapp.R$attr: int actionOverflowMenuStyle
com.bureauapp.R$bool: int abc_action_bar_embed_tabs
com.bureauapp.R$bool: int abc_allow_stacked_button_bar
com.bureauapp.R$bool: int abc_config_actionMenuItemAllCaps
...
com.facebook.react.bridge.JavaMethodWrapper$1
com.facebook.react.bridge.JavaMethodWrapper$1: JavaMethodWrapper$1()
com.facebook.react.bridge.JavaMethodWrapper$1: java.lang.Boolean extractArgument(com.facebook.react.bridge.JSInstance,com.facebook.react.bridge.ReadableArray,int)
com.facebook.react.bridge.JavaMethodWrapper$1: java.lang.Object extractArgument(com.facebook.react.bridge.JSInstance,com.facebook.react.bridge.ReadableArray,int)
com.facebook.react.bridge.JavaMethodWrapper$10
com.facebook.react.bridge.JavaMethodWrapper$10: JavaMethodWrapper$10()
com.facebook.react.bridge.JavaMethodWrapper$10: int getJSArgumentsNeeded()
com.facebook.react.bridge.JavaMethodWrapper$10: com.facebook.react.bridge.Promise extractArgument(com.facebook.react.bridge.JSInstance,com.facebook.react.bridge.ReadableArray,int)
com.facebook.react.bridge.JavaMethodWrapper$10: java.lang.Object extractArgument(com.facebook.react.bridge.JSInstance,com.facebook.react.bridge.ReadableArray,int)
com.facebook.react.bridge.JavaMethodWrapper$2
com.facebook.react.bridge.JavaMethodWrapper$2: JavaMethodWrapper$2()
com.facebook.react.bridge.JavaMethodWrapper$2: java.lang.Double extractArgument(com.facebook.react.bridge.JSInstance,com.facebook.react.bridge.ReadableArray,int)
com.facebook.react.bridge.JavaMethodWrapper$2: java.lang.Object extractArgument(com.facebook.react.bridge.JSInstance,com.facebook.react.bridge.ReadableArray,int)
com.facebook.react.bridge.JavaMethodWrapper$3
com.facebook.react.bridge.JavaMethodWrapper$3: JavaMethodWrapper$3()
com.facebook.react.bridge.JavaMethodWrapper$3: java.lang.Float extractArgument(com.facebook.react.bridge.JSInstance,com.facebook.react.bridge.ReadableArray,int)
com.facebook.react.bridge.JavaMethodWrapper$3: java.lang.Object extractArgument(com.facebook.react.bridge.JSInstance,com.facebook.react.bridge.ReadableArray,int)
com.facebook.react.bridge.JavaMethodWrapper$4
com.facebook.react.bridge.JavaMethodWrapper$4: JavaMethodWrapper$4()
com.facebook.react.bridge.JavaMethodWrapper$4: java.lang.Integer extractArgument(com.facebook.react.bridge.JSInstance,com.facebook.react.bridge.ReadableArray,int)
com.facebook.react.bridge.JavaMethodWrapper$4: java.lang.Object extractArgument(com.facebook.react.bridge.JSInstance,com.facebook.react.bridge.ReadableArray,int)
com.facebook.react.bridge.JavaMethodWrapper$5
com.facebook.react.bridge.JavaMethodWrapper$5: JavaMethodWrapper$5()
com.facebook.react.bridge.JavaMethodWrapper$5: java.lang.String extractArgument(com.facebook.react.bridge.JSInstance,com.facebook.react.bridge.ReadableArray,int)
com.facebook.react.bridge.JavaMethodWrapper$5: java.lang.Object extractArgument(com.facebook.react.bridge.JSInstance,com.facebook.react.bridge.ReadableArray,int)
com.facebook.react.bridge.JavaMethodWrapper$6
com.facebook.react.bridge.JavaMethodWrapper$6: JavaMethodWrapper$6()
com.facebook.react.bridge.JavaMethodWrapper$6: com.facebook.react.bridge.ReadableArray extractArgument(com.facebook.react.bridge.JSInstance,com.facebook.react.bridge.ReadableArray,int)
com.facebook.react.bridge.JavaMethodWrapper$6: java.lang.Object extractArgument(com.facebook.react.bridge.JSInstance,com.facebook.react.bridge.ReadableArray,int)
com.facebook.react.bridge.JavaMethodWrapper$7
com.facebook.react.bridge.JavaMethodWrapper$7: JavaMethodWrapper$7()
com.facebook.react.bridge.JavaMethodWrapper$7: com.facebook.react.bridge.Dynamic extractArgument(com.facebook.react.bridge.JSInstance,com.facebook.react.bridge.ReadableArray,int)
com.facebook.react.bridge.JavaMethodWrapper$7: java.lang.Object extractArgument(com.facebook.react.bridge.JSInstance,com.facebook.react.bridge.ReadableArray,int)