client/react-native/android/app/build/outputs/mapping/release/mapping.txt
com.bureauapp.MainActivity -> com.bureauapp.MainActivity:
    void <init>() -> <init>
    java.lang.String getMainComponentName() -> l
com.bureauapp.MainApplication -> com.bureauapp.MainApplication:
    com.facebook.react.ReactNativeHost mReactNativeHost -> a
    void <init>() -> <init>
    com.facebook.react.ReactNativeHost getReactNativeHost() -> a
    void onCreate() -> onCreate
com.bureauapp.MainApplication$1 -> com.bureauapp.MainApplication$1:
    com.bureauapp.MainApplication this$0 -> a
    void <init>(com.bureauapp.MainApplication,android.app.Application) -> <init>
    boolean getUseDeveloperSupport() -> a
    java.util.List getPackages() -> b
    java.lang.String getJSMainModuleName() -> c
...
androidx.core.graphics.TypefaceCompatApi21Impl -> androidx.core.graphics.d:
    void <init>() -> <init>
    java.io.File getFile(android.os.ParcelFileDescriptor) -> a
    android.graphics.Typeface createFromFontInfo(android.content.Context,android.os.CancellationSignal,androidx.core.provider.FontsContractCompat$FontInfo[],int) -> a
androidx.core.graphics.TypefaceCompatApi24Impl -> androidx.core.graphics.e:
    java.lang.Class sFontFamily -> a
    java.lang.reflect.Constructor sFontFamilyCtor -> b
    java.lang.reflect.Method sAddFontWeightStyle -> c
    java.lang.reflect.Method sCreateFromFamiliesWithDefault -> d
    void <init>() -> <init>
    boolean isUsable() -> a
    java.lang.Object newFamily() -> b
    boolean addFontWeightStyle(java.lang.Object,java.nio.ByteBuffer,int,int,boolean) -> a
    android.graphics.Typeface createFromFamiliesWithDefault(java.lang.Object) -> a
    android.graphics.Typeface createFromFontInfo(android.content.Context,android.os.CancellationSignal,androidx.core.provider.FontsContractCompat$FontInfo[],int) -> a
    android.graphics.Typeface createFromFontFamilyFilesResourceEntry(android.content.Context,androidx.core.content.res.FontResourcesParserCompat$FontFamilyFilesResourceEntry,android.content.res.Resources,int) -> a
    void <clinit>() -> <clinit>
androidx.core.graphics.TypefaceCompatApi26Impl -> androidx.core.graphics.f:
    java.lang.Class mFontFamily -> a
    java.lang.reflect.Constructor mFontFamilyCtor -> b
    java.lang.reflect.Method mAddFontFromAssetManager -> c
    java.lang.reflect.Method mAddFontFromBuffer -> d
    java.lang.reflect.Method mFreeze -> e
    java.lang.reflect.Method mAbortCreation -> f
    java.lang.reflect.Method mCreateFromFamiliesWithDefault -> g
    void <init>() -> <init>
    boolean isFontFamilyPrivateAPIAvailable() -> b
    java.lang.Object newFamily() -> c
    boolean addFontFromAssetManager(android.content.Context,java.lang.Object,java.lang.String,int,int,int,android.graphics.fonts.FontVariationAxis[]) -> a
    boolean addFontFromBuffer(java.lang.Object,java.nio.ByteBuffer,int,int,int) -> a
    android.graphics.Typeface createFromFamiliesWithDefault(java.lang.Object) -> a
    boolean freeze(java.lang.Object) -> b
    void abortCreation(java.lang.Object) -> c
    android.graphics.Typeface createFromFontFamilyFilesResourceEntry(android.content.Context,androidx.core.content.res.FontResourcesParserCompat$FontFamilyFilesResourceEntry,android.content.res.Resources,int) -> a
    android.graphics.Typeface createFromFontInfo(android.content.Context,android.os.CancellationSignal,androidx.core.provider.FontsContractCompat$FontInfo[],int) -> a
    android.graphics.Typeface createFromResourcesFontFile(android.content.Context,android.content.res.Resources,int,java.lang.String,int) -> a
androidx.core.graphics.TypefaceCompatApi28Impl -> androidx.core.graphics.g:
    void <init>() -> <init>
    android.graphics.Typeface createFromFamiliesWithDefault(java.lang.Object) -> a
    java.lang.reflect.Method obtainCreateFromFamiliesWithDefaultMethod(java.lang.Class) -> f