client/react-native/android/app/build/outputs/mapping/release/usage.txt
com.bureauapp.BuildConfig
com.bureauapp.R
com.bureauapp.R$anim
com.bureauapp.R$attr
com.bureauapp.R$bool
com.bureauapp.R$color
com.bureauapp.R$dimen
com.bureauapp.R$drawable
com.bureauapp.R$id
com.bureauapp.R$integer
com.bureauapp.R$layout
com.bureauapp.R$mipmap
com.bureauapp.R$string
com.bureauapp.R$style
com.bureauapp.R$styleable
com.bureauapp.R$xml
...
com.facebook.imagepipeline.nativecode.JpegTranscoder:
    public static final int MIN_QUALITY
    public static final int MAX_QUALITY
    public static final int MIN_SCALE_NUMERATOR
    public static final int MAX_SCALE_NUMERATOR
    public static final int SCALE_DENOMINATOR
com.facebook.imagepipeline.nativecode.NativeRoundingFilter:
    32:34:public static void toCircle(android.graphics.Bitmap)
com.facebook.imagepipeline.nativecode.WebpTranscoderFactory:
    13:13:public WebpTranscoderFactory()
com.facebook.imagepipeline.platform.ArtDecoder:
    private static final int DECODE_BUFFER_SIZE
com.facebook.imagepipeline.postprocessors.IterativeBoxBlurPostProcessor:
    private static final int DEFAULT_ITERATIONS
com.facebook.imagepipeline.postprocessors.RoundAsCirclePostprocessor
com.facebook.imagepipeline.producers.BaseConsumer:
    59:59:public static int turnOnStatusFlag(int,int)
com.facebook.imagepipeline.producers.BaseProducerContext:
    102:102:public synchronized boolean isCancelled()
com.facebook.imagepipeline.producers.BitmapMemoryCacheGetProducer:
    public static final java.lang.String PRODUCER_NAME
com.facebook.imagepipeline.producers.BitmapMemoryCacheProducer:
    public static final java.lang.String PRODUCER_NAME
    public static final java.lang.String EXTRA_CACHED_VALUE_FOUND
com.facebook.imagepipeline.producers.BitmapPrepareProducer:
    public static final java.lang.String PRODUCER_NAME
com.facebook.imagepipeline.producers.Consumer:
    public static final int NO_FLAGS
    public static final int IS_LAST
    public static final int DO_NOT_CACHE_ENCODED
    public static final int IS_PLACEHOLDER
    public static final int IS_PARTIAL_RESULT
    public static final int IS_RESIZING_DONE
com.facebook.imagepipeline.producers.Consumer$Status
com.facebook.imagepipeline.producers.DataFetchProducer:
    public static final java.lang.String PRODUCER_NAME
com.facebook.imagepipeline.producers.DecodeProducer:
    public static final java.lang.String PRODUCER_NAME
    public static final java.lang.String EXTRA_BITMAP_SIZE
    public static final java.lang.String EXTRA_HAS_GOOD_QUALITY
    public static final java.lang.String EXTRA_IS_FINAL
    public static final java.lang.String EXTRA_IMAGE_FORMAT_NAME
    public static final java.lang.String ENCODED_IMAGE_SIZE
    public static final java.lang.String REQUESTED_IMAGE_SIZE
    public static final java.lang.String SAMPLE_SIZE
com.facebook.imagepipeline.producers.DecodeProducer$ProgressiveDecoder:
    private static final int DECODE_EXCEPTION_MESSAGE_NUM_HEADER_BYTES
com.facebook.imagepipeline.producers.DiskCacheReadProducer:
    public static final java.lang.String PRODUCER_NAME
    public static final java.lang.String EXTRA_CACHED_VALUE_FOUND
    public static final java.lang.String ENCODED_IMAGE_SIZE
com.facebook.imagepipeline.producers.DiskCacheWriteProducer:
    static final java.lang.String PRODUCER_NAME
com.facebook.imagepipeline.producers.DownsampleUtil:
    public static final int DEFAULT_SAMPLE_SIZE
    private static final float INTERVAL_ROUNDING
    23:23:private DownsampleUtil()
    141:146:static int roundToPowerOfTwo(int)
com.facebook.imagepipeline.producers.EncodedMemoryCacheProducer:
    public static final java.lang.String PRODUCER_NAME
    public static final java.lang.String EXTRA_CACHED_VALUE_FOUND
com.facebook.imagepipeline.producers.HttpUrlConnectionNetworkFetcher:
    private static final int NUM_NETWORK_THREADS
    private static final int MAX_REDIRECTS
    public static final int HTTP_TEMPORARY_REDIRECT
    public static final int HTTP_PERMANENT_REDIRECT
    public static final int HTTP_DEFAULT_TIMEOUT
com.facebook.imagepipeline.producers.JobScheduler:
    static final java.lang.String QUEUE_TIME_KEY
com.facebook.imagepipeline.producers.JobScheduler$JobStartExecutorSupplier:
    27:27:JobScheduler$JobStartExecutorSupplier()
com.facebook.imagepipeline.producers.LocalAssetFetchProducer:
    public static final java.lang.String PRODUCER_NAME